2025-08-30 02:22:28,205 [INFO] MeshIntegration: MeshCredit Bank initialized: EpochCore MeshCredit Bank [ID: 268a91a2]
2025-08-30 02:22:28,205 [INFO] MeshIntegration: Interest rates: {'liquid': 0.005, 'staked': 0.025, 'compound': 0.04, 'governance': 0.03}
2025-08-30 02:22:28,205 [INFO] MeshIntegration: Capsule Compounding Engine initialized with base yield: 1.0070%
2025-08-30 02:22:28,205 [INFO] MeshIntegration: Compounding frequency: 12
2025-08-30 02:22:28,206 [INFO] MeshIntegration: MeshCredit Integration initialized
2025-08-30 02:22:28,206 [INFO] MeshIntegration: MeshCredit Bank initialized: EpochCore MeshCredit Bank [ID: 268a91a2]
2025-08-30 02:22:28,207 [INFO] MeshIntegration: Interest rates: {'liquid': 0.005, 'staked': 0.025, 'compound': 0.04, 'governance': 0.03}
2025-08-30 02:22:28,207 [INFO] MeshIntegration: Capsule Compounding Engine initialized with base yield: 1.0070%
2025-08-30 02:22:28,207 [INFO] MeshIntegration: Compounding frequency: 12
2025-08-30 02:22:28,207 [INFO] MeshIntegration: MeshCredit Integration initialized
2025-08-30 02:22:28,208 [INFO] MeshIntegration: Created account: Alice's MeshCredit [ID: 31ae15a7] with initial deposit of 5000.0 MeshCredit
2025-08-30 02:22:28,209 [INFO] MeshIntegration: Created account: Bob's MeshCredit [ID: f5d40fd8] with initial deposit of 3000.0 MeshCredit
2025-08-30 02:22:28,209 [INFO] MeshIntegration: Created account: Project Alpha [ID: fd4dbf29] with initial deposit of 10000.0 MeshCredit
2025-08-30 02:22:28,210 [INFO] MeshIntegration: Capsule Compounding Engine initialized with base yield: 1.0070%
2025-08-30 02:22:28,210 [INFO] MeshIntegration: Compounding frequency: 12
2025-08-30 02:22:28,210 [ERROR] MeshIntegration: Error registering capsule with compounding engine: 'triggers'
2025-08-30 02:22:28,210 [INFO] MeshIntegration: Linked capsule MESH-Growth-Fund-Quantum-20250830022228 to account 31ae15a7 with 200.0 MeshCredit
2025-08-30 02:22:28,211 [ERROR] MeshIntegration: Error creating capsule Growth-Fund-Quantum: 'triggers'
2025-08-30 02:22:28,211 [INFO] MeshIntegration: Capsule Compounding Engine initialized with base yield: 1.0070%
2025-08-30 02:22:28,211 [INFO] MeshIntegration: Compounding frequency: 12
2025-08-30 02:22:28,211 [ERROR] MeshIntegration: Error registering capsule with compounding engine: 'triggers'
2025-08-30 02:22:28,211 [INFO] MeshIntegration: Linked capsule MESH-Growth-Fund-Self-Referential-20250830022228 to account 31ae15a7 with 200.0 MeshCredit
2025-08-30 02:22:28,212 [ERROR] MeshIntegration: Error creating capsule Growth-Fund-Self-Referential: 'triggers'
2025-08-30 02:22:28,212 [INFO] MeshIntegration: Capsule Compounding Engine initialized with base yield: 1.0070%
2025-08-30 02:22:28,212 [INFO] MeshIntegration: Compounding frequency: 12
2025-08-30 02:22:28,212 [ERROR] MeshIntegration: Error creating capsule Growth-Fund-Quantum: Capsule MESH-Growth-Fund-Quantum-20250830022228 is already linked to account 31ae15a71fdf8f6c75d41613caa1db9c823433b87ee414c181f99642b8f7640e
2025-08-30 02:22:28,212 [INFO] MeshIntegration: Capsule Compounding Engine initialized with base yield: 1.0070%
2025-08-30 02:22:28,212 [INFO] MeshIntegration: Compounding frequency: 12
2025-08-30 02:22:28,212 [ERROR] MeshIntegration: Error creating capsule Growth-Fund-Quantum: Capsule MESH-Growth-Fund-Quantum-20250830022228 is already linked to account 31ae15a71fdf8f6c75d41613caa1db9c823433b87ee414c181f99642b8f7640e
2025-08-30 02:22:28,213 [INFO] MeshIntegration: Capsule Compounding Engine initialized with base yield: 1.0070%
2025-08-30 02:22:28,213 [INFO] MeshIntegration: Compounding frequency: 12
2025-08-30 02:22:28,213 [ERROR] MeshIntegration: Error registering capsule with compounding engine: 'triggers'
2025-08-30 02:22:28,213 [INFO] MeshIntegration: Linked capsule MESH-Growth-Fund-Capsule-20250830022228 to account 31ae15a7 with 100.0 MeshCredit
2025-08-30 02:22:28,214 [ERROR] MeshIntegration: Error creating capsule Growth-Fund-Capsule: 'triggers'
2025-08-30 02:22:28,214 [INFO] MeshIntegration: Capsule Compounding Engine initialized with base yield: 1.0070%
2025-08-30 02:22:28,214 [INFO] MeshIntegration: Compounding frequency: 12
2025-08-30 02:22:28,214 [ERROR] MeshIntegration: Error registering capsule with compounding engine: 'triggers'
2025-08-30 02:22:28,215 [INFO] MeshIntegration: Linked capsule MESH-Growth-Fund-Evolutionary-20250830022228 to account 31ae15a7 with 100.0 MeshCredit
2025-08-30 02:22:28,215 [ERROR] MeshIntegration: Error creating capsule Growth-Fund-Evolutionary: 'triggers'
2025-08-30 02:22:28,215 [INFO] MeshIntegration: Created 6 capsule portfolio for account 31ae15a71fdf8f6c75d41613caa1db9c823433b87ee414c181f99642b8f7640e: Growth-Fund with 1000.0 MeshCredit (aggressive strategy)
2025-08-30 02:22:28,216 [INFO] MeshIntegration: Capsule Compounding Engine initialized with base yield: 1.0070%
2025-08-30 02:22:28,216 [INFO] MeshIntegration: Compounding frequency: 12
2025-08-30 02:22:28,216 [ERROR] MeshIntegration: Error registering capsule with compounding engine: 'triggers'
2025-08-30 02:22:28,216 [INFO] MeshIntegration: Linked capsule MESH-Safe-Fund-Ledger-20250830022228 to account f5d40fd8 with 200.0 MeshCredit
2025-08-30 02:22:28,216 [ERROR] MeshIntegration: Error creating capsule Safe-Fund-Ledger: 'triggers'
2025-08-30 02:22:28,217 [INFO] MeshIntegration: Capsule Compounding Engine initialized with base yield: 1.0070%
2025-08-30 02:22:28,217 [INFO] MeshIntegration: Compounding frequency: 12
2025-08-30 02:22:28,217 [ERROR] MeshIntegration: Error registering capsule with compounding engine: 'triggers'
2025-08-30 02:22:28,218 [INFO] MeshIntegration: Linked capsule MESH-Safe-Fund-Ethical-20250830022228 to account f5d40fd8 with 200.0 MeshCredit
2025-08-30 02:22:28,218 [ERROR] MeshIntegration: Error creating capsule Safe-Fund-Ethical: 'triggers'
2025-08-30 02:22:28,218 [INFO] MeshIntegration: Capsule Compounding Engine initialized with base yield: 1.0070%
2025-08-30 02:22:28,218 [INFO] MeshIntegration: Compounding frequency: 12
2025-08-30 02:22:28,218 [ERROR] MeshIntegration: Error registering capsule with compounding engine: 'triggers'
2025-08-30 02:22:28,219 [INFO] MeshIntegration: Linked capsule MESH-Safe-Fund-Temporal-20250830022228 to account f5d40fd8 with 160.0 MeshCredit
2025-08-30 02:22:28,219 [ERROR] MeshIntegration: Error creating capsule Safe-Fund-Temporal: 'triggers'
2025-08-30 02:22:28,219 [INFO] MeshIntegration: Capsule Compounding Engine initialized with base yield: 1.0070%
2025-08-30 02:22:28,219 [INFO] MeshIntegration: Compounding frequency: 12
2025-08-30 02:22:28,219 [ERROR] MeshIntegration: Error registering capsule with compounding engine: 'triggers'
2025-08-30 02:22:28,220 [INFO] MeshIntegration: Linked capsule MESH-Safe-Fund-Resilience-20250830022228 to account f5d40fd8 with 160.0 MeshCredit
2025-08-30 02:22:28,220 [ERROR] MeshIntegration: Error creating capsule Safe-Fund-Resilience: 'triggers'
2025-08-30 02:22:28,220 [INFO] MeshIntegration: Capsule Compounding Engine initialized with base yield: 1.0070%
2025-08-30 02:22:28,220 [INFO] MeshIntegration: Compounding frequency: 12
2025-08-30 02:22:28,220 [ERROR] MeshIntegration: Error registering capsule with compounding engine: 'triggers'
2025-08-30 02:22:28,221 [INFO] MeshIntegration: Linked capsule MESH-Safe-Fund-Collaborative-20250830022228 to account f5d40fd8 with 80.0 MeshCredit
2025-08-30 02:22:28,221 [ERROR] MeshIntegration: Error creating capsule Safe-Fund-Collaborative: 'triggers'
2025-08-30 02:22:28,221 [INFO] MeshIntegration: Created 5 capsule portfolio for account f5d40fd81fa68563f354c741c2b8c2bf96b04f9dcca0dae131dd78547f9fadfc: Safe-Fund with 800.0 MeshCredit (conservative strategy)
2025-08-30 02:22:28,221 [INFO] MeshIntegration: Capsule Compounding Engine initialized with base yield: 1.0070%
2025-08-30 02:22:28,221 [INFO] MeshIntegration: Compounding frequency: 12
2025-08-30 02:22:28,222 [ERROR] MeshIntegration: Error registering capsule with compounding engine: 'triggers'
2025-08-30 02:22:28,222 [INFO] MeshIntegration: Linked capsule MESH-Project-Fund-Recursive-20250830022228 to account fd4dbf29 with 750.0 MeshCredit
2025-08-30 02:22:28,222 [ERROR] MeshIntegration: Error creating capsule Project-Fund-Recursive: 'triggers'
2025-08-30 02:22:28,222 [INFO] MeshIntegration: Capsule Compounding Engine initialized with base yield: 1.0070%
2025-08-30 02:22:28,223 [INFO] MeshIntegration: Compounding frequency: 12
2025-08-30 02:22:28,223 [ERROR] MeshIntegration: Error registering capsule with compounding engine: 'triggers'
2025-08-30 02:22:28,223 [INFO] MeshIntegration: Linked capsule MESH-Project-Fund-Adaptive-20250830022228 to account fd4dbf29 with 750.0 MeshCredit
2025-08-30 02:22:28,223 [ERROR] MeshIntegration: Error creating capsule Project-Fund-Adaptive: 'triggers'
2025-08-30 02:22:28,224 [INFO] MeshIntegration: Capsule Compounding Engine initialized with base yield: 1.0070%
2025-08-30 02:22:28,224 [INFO] MeshIntegration: Compounding frequency: 12
2025-08-30 02:22:28,224 [ERROR] MeshIntegration: Error registering capsule with compounding engine: 'triggers'
2025-08-30 02:22:28,224 [INFO] MeshIntegration: Linked capsule MESH-Project-Fund-MeshCredit-20250830022228 to account fd4dbf29 with 750.0 MeshCredit
2025-08-30 02:22:28,224 [ERROR] MeshIntegration: Error creating capsule Project-Fund-MeshCredit: 'triggers'
2025-08-30 02:22:28,225 [INFO] MeshIntegration: Capsule Compounding Engine initialized with base yield: 1.0070%
2025-08-30 02:22:28,225 [INFO] MeshIntegration: Compounding frequency: 12
2025-08-30 02:22:28,225 [ERROR] MeshIntegration: Error registering capsule with compounding engine: 'triggers'
2025-08-30 02:22:28,225 [INFO] MeshIntegration: Linked capsule MESH-Project-Fund-StrategyDeck-20250830022228 to account fd4dbf29 with 750.0 MeshCredit
2025-08-30 02:22:28,225 [ERROR] MeshIntegration: Error creating capsule Project-Fund-StrategyDeck: 'triggers'
2025-08-30 02:22:28,226 [INFO] MeshIntegration: Capsule Compounding Engine initialized with base yield: 1.0070%
2025-08-30 02:22:28,226 [INFO] MeshIntegration: Compounding frequency: 12
2025-08-30 02:22:28,226 [ERROR] MeshIntegration: Error registering capsule with compounding engine: 'triggers'
2025-08-30 02:22:28,226 [INFO] MeshIntegration: Linked capsule MESH-Project-Fund-Intelligence-20250830022228 to account fd4dbf29 with 750.0 MeshCredit
2025-08-30 02:22:28,227 [ERROR] MeshIntegration: Error creating capsule Project-Fund-Intelligence: 'triggers'
2025-08-30 02:22:28,227 [INFO] MeshIntegration: Capsule Compounding Engine initialized with base yield: 1.0070%
2025-08-30 02:22:28,227 [INFO] MeshIntegration: Compounding frequency: 12
2025-08-30 02:22:28,227 [ERROR] MeshIntegration: Error registering capsule with compounding engine: 'triggers'
2025-08-30 02:22:28,228 [INFO] MeshIntegration: Linked capsule MESH-Project-Fund-Multi-Domain-20250830022228 to account fd4dbf29 with 750.0 MeshCredit
2025-08-30 02:22:28,228 [ERROR] MeshIntegration: Error creating capsule Project-Fund-Multi-Domain: 'triggers'
2025-08-30 02:22:28,228 [INFO] MeshIntegration: Capsule Compounding Engine initialized with base yield: 1.0070%
2025-08-30 02:22:28,228 [INFO] MeshIntegration: Compounding frequency: 12
2025-08-30 02:22:28,228 [ERROR] MeshIntegration: Error creating capsule Project-Fund-Recursive: Capsule MESH-Project-Fund-Recursive-20250830022228 is already linked to account fd4dbf29a36d90f5d724b50bad829ecfe70b7e86e6d135cd5ec72c9b9f1d169c
2025-08-30 02:22:28,228 [INFO] MeshIntegration: Created 7 capsule portfolio for account fd4dbf29a36d90f5d724b50bad829ecfe70b7e86e6d135cd5ec72c9b9f1d169c: Project-Fund with 5000.0 MeshCredit (balanced strategy)
2025-08-30 02:22:28,228 [INFO] MeshIntegration: Capsule Compounding Engine initialized with base yield: 1.0070%
2025-08-30 02:22:28,229 [INFO] MeshIntegration: Compounding frequency: 12
2025-08-30 02:22:28,229 [ERROR] MeshIntegration: Error registering capsule with compounding engine: 'triggers'
2025-08-30 02:22:28,229 [INFO] MeshIntegration: Linked capsule MESH-Quantum-Boost-20250830022228 to account 31ae15a7 with 500.0 MeshCredit
2025-08-30 02:22:28,229 [ERROR] MeshIntegration: Error creating Alice's capsule: 'triggers'
2025-08-30 02:22:28,230 [INFO] MeshIntegration: Capsule Compounding Engine initialized with base yield: 1.0070%
2025-08-30 02:22:28,230 [INFO] MeshIntegration: Compounding frequency: 12
2025-08-30 02:22:28,231 [ERROR] MeshIntegration: Error registering capsule with compounding engine: 'triggers'
2025-08-30 02:22:28,231 [INFO] MeshIntegration: Linked capsule MESH-Strategic-Reserve-20250830022228 to account fd4dbf29 with 2000.0 MeshCredit
2025-08-30 02:22:28,231 [ERROR] MeshIntegration: Error creating Project's capsule: 'triggers'
2025-08-30 02:22:28,232 [ERROR] MeshIntegration: Error compounding capsule MESH-Growth-Fund-Quantum-20250830022228: 'triggers'
2025-08-30 02:22:28,232 [ERROR] MeshIntegration: Error compounding capsule MESH-Growth-Fund-Self-Referential-20250830022228: 'triggers'
2025-08-30 02:22:28,232 [ERROR] MeshIntegration: Error compounding capsule MESH-Growth-Fund-Capsule-20250830022228: 'triggers'
2025-08-30 02:22:28,232 [ERROR] MeshIntegration: Error compounding capsule MESH-Growth-Fund-Evolutionary-20250830022228: 'triggers'
2025-08-30 02:22:28,232 [ERROR] MeshIntegration: Error compounding capsule MESH-Quantum-Boost-20250830022228: 'triggers'
2025-08-30 02:22:28,232 [INFO] MeshIntegration: Batch compounding completed for account 31ae15a71fdf8f6c75d41613caa1db9c823433b87ee414c181f99642b8f7640e: 5 capsules, total gain: 0.00 MeshCredit
2025-08-30 02:22:28,233 [ERROR] MeshIntegration: Error compounding capsule MESH-Safe-Fund-Ledger-20250830022228: 'triggers'
2025-08-30 02:22:28,233 [ERROR] MeshIntegration: Error compounding capsule MESH-Safe-Fund-Ethical-20250830022228: 'triggers'
2025-08-30 02:22:28,233 [ERROR] MeshIntegration: Error compounding capsule MESH-Safe-Fund-Temporal-20250830022228: 'triggers'
2025-08-30 02:22:28,233 [ERROR] MeshIntegration: Error compounding capsule MESH-Safe-Fund-Resilience-20250830022228: 'triggers'
2025-08-30 02:22:28,233 [ERROR] MeshIntegration: Error compounding capsule MESH-Safe-Fund-Collaborative-20250830022228: 'triggers'
2025-08-30 02:22:28,234 [INFO] MeshIntegration: Batch compounding completed for account f5d40fd81fa68563f354c741c2b8c2bf96b04f9dcca0dae131dd78547f9fadfc: 5 capsules, total gain: 0.00 MeshCredit
2025-08-30 02:22:28,234 [ERROR] MeshIntegration: Error compounding capsule MESH-Project-Fund-Recursive-20250830022228: 'triggers'
2025-08-30 02:22:28,234 [ERROR] MeshIntegration: Error compounding capsule MESH-Project-Fund-Adaptive-20250830022228: 'triggers'
2025-08-30 02:22:28,234 [ERROR] MeshIntegration: Error compounding capsule MESH-Project-Fund-MeshCredit-20250830022228: 'triggers'
2025-08-30 02:22:28,234 [ERROR] MeshIntegration: Error compounding capsule MESH-Project-Fund-StrategyDeck-20250830022228: 'triggers'
2025-08-30 02:22:28,234 [ERROR] MeshIntegration: Error compounding capsule MESH-Project-Fund-Intelligence-20250830022228: 'triggers'
2025-08-30 02:22:28,235 [ERROR] MeshIntegration: Error compounding capsule MESH-Project-Fund-Multi-Domain-20250830022228: 'triggers'
2025-08-30 02:22:28,235 [ERROR] MeshIntegration: Error compounding capsule MESH-Strategic-Reserve-20250830022228: 'triggers'
2025-08-30 02:22:28,235 [INFO] MeshIntegration: Batch compounding completed for account fd4dbf29a36d90f5d724b50bad829ecfe70b7e86e6d135cd5ec72c9b9f1d169c: 7 capsules, total gain: 0.00 MeshCredit
2025-08-30 02:22:28,235 [ERROR] MeshIntegration: Error compounding capsule MESH-Growth-Fund-Quantum-20250830022228: 'triggers'
2025-08-30 02:22:28,236 [ERROR] MeshIntegration: Error compounding capsule MESH-Growth-Fund-Self-Referential-20250830022228: 'triggers'
2025-08-30 02:22:28,236 [ERROR] MeshIntegration: Error compounding capsule MESH-Growth-Fund-Capsule-20250830022228: 'triggers'
2025-08-30 02:22:28,236 [ERROR] MeshIntegration: Error compounding capsule MESH-Growth-Fund-Evolutionary-20250830022228: 'triggers'
2025-08-30 02:22:28,236 [ERROR] MeshIntegration: Error compounding capsule MESH-Quantum-Boost-20250830022228: 'triggers'
2025-08-30 02:22:28,236 [INFO] MeshIntegration: Batch compounding completed for account 31ae15a71fdf8f6c75d41613caa1db9c823433b87ee414c181f99642b8f7640e: 5 capsules, total gain: 0.00 MeshCredit
2025-08-30 02:22:28,237 [ERROR] MeshIntegration: Error compounding capsule MESH-Safe-Fund-Ledger-20250830022228: 'triggers'
2025-08-30 02:22:28,237 [ERROR] MeshIntegration: Error compounding capsule MESH-Safe-Fund-Ethical-20250830022228: 'triggers'
2025-08-30 02:22:28,237 [ERROR] MeshIntegration: Error compounding capsule MESH-Safe-Fund-Temporal-20250830022228: 'triggers'
2025-08-30 02:22:28,237 [ERROR] MeshIntegration: Error compounding capsule MESH-Safe-Fund-Resilience-20250830022228: 'triggers'
2025-08-30 02:22:28,237 [ERROR] MeshIntegration: Error compounding capsule MESH-Safe-Fund-Collaborative-20250830022228: 'triggers'
2025-08-30 02:22:28,237 [INFO] MeshIntegration: Batch compounding completed for account f5d40fd81fa68563f354c741c2b8c2bf96b04f9dcca0dae131dd78547f9fadfc: 5 capsules, total gain: 0.00 MeshCredit
2025-08-30 02:22:28,237 [ERROR] MeshIntegration: Error compounding capsule MESH-Project-Fund-Recursive-20250830022228: 'triggers'
2025-08-30 02:22:28,238 [ERROR] MeshIntegration: Error compounding capsule MESH-Project-Fund-Adaptive-20250830022228: 'triggers'
2025-08-30 02:22:28,238 [ERROR] MeshIntegration: Error compounding capsule MESH-Project-Fund-MeshCredit-20250830022228: 'triggers'
2025-08-30 02:22:28,238 [ERROR] MeshIntegration: Error compounding capsule MESH-Project-Fund-StrategyDeck-20250830022228: 'triggers'
2025-08-30 02:22:28,238 [ERROR] MeshIntegration: Error compounding capsule MESH-Project-Fund-Intelligence-20250830022228: 'triggers'
2025-08-30 02:22:28,238 [ERROR] MeshIntegration: Error compounding capsule MESH-Project-Fund-Multi-Domain-20250830022228: 'triggers'
2025-08-30 02:22:28,238 [ERROR] MeshIntegration: Error compounding capsule MESH-Strategic-Reserve-20250830022228: 'triggers'
2025-08-30 02:22:28,238 [INFO] MeshIntegration: Batch compounding completed for account fd4dbf29a36d90f5d724b50bad829ecfe70b7e86e6d135cd5ec72c9b9f1d169c: 7 capsules, total gain: 0.00 MeshCredit
2025-08-30 02:22:28,238 [ERROR] MeshIntegration: Error compounding capsule MESH-Growth-Fund-Quantum-20250830022228: 'triggers'
2025-08-30 02:22:28,238 [ERROR] MeshIntegration: Error compounding capsule MESH-Growth-Fund-Self-Referential-20250830022228: 'triggers'
2025-08-30 02:22:28,239 [ERROR] MeshIntegration: Error compounding capsule MESH-Growth-Fund-Capsule-20250830022228: 'triggers'
2025-08-30 02:22:28,239 [ERROR] MeshIntegration: Error compounding capsule MESH-Growth-Fund-Evolutionary-20250830022228: 'triggers'
2025-08-30 02:22:28,239 [ERROR] MeshIntegration: Error compounding capsule MESH-Quantum-Boost-20250830022228: 'triggers'
2025-08-30 02:22:28,239 [INFO] MeshIntegration: Batch compounding completed for account 31ae15a71fdf8f6c75d41613caa1db9c823433b87ee414c181f99642b8f7640e: 5 capsules, total gain: 0.00 MeshCredit
2025-08-30 02:22:28,239 [ERROR] MeshIntegration: Error compounding capsule MESH-Safe-Fund-Ledger-20250830022228: 'triggers'
2025-08-30 02:22:28,239 [ERROR] MeshIntegration: Error compounding capsule MESH-Safe-Fund-Ethical-20250830022228: 'triggers'
2025-08-30 02:22:28,239 [ERROR] MeshIntegration: Error compounding capsule MESH-Safe-Fund-Temporal-20250830022228: 'triggers'
2025-08-30 02:22:28,239 [ERROR] MeshIntegration: Error compounding capsule MESH-Safe-Fund-Resilience-20250830022228: 'triggers'
2025-08-30 02:22:28,239 [ERROR] MeshIntegration: Error compounding capsule MESH-Safe-Fund-Collaborative-20250830022228: 'triggers'
2025-08-30 02:22:28,240 [INFO] MeshIntegration: Batch compounding completed for account f5d40fd81fa68563f354c741c2b8c2bf96b04f9dcca0dae131dd78547f9fadfc: 5 capsules, total gain: 0.00 MeshCredit
2025-08-30 02:22:28,240 [ERROR] MeshIntegration: Error compounding capsule MESH-Project-Fund-Recursive-20250830022228: 'triggers'
2025-08-30 02:22:28,240 [ERROR] MeshIntegration: Error compounding capsule MESH-Project-Fund-Adaptive-20250830022228: 'triggers'
2025-08-30 02:22:28,240 [ERROR] MeshIntegration: Error compounding capsule MESH-Project-Fund-MeshCredit-20250830022228: 'triggers'
2025-08-30 02:22:28,240 [ERROR] MeshIntegration: Error compounding capsule MESH-Project-Fund-StrategyDeck-20250830022228: 'triggers'
2025-08-30 02:22:28,241 [ERROR] MeshIntegration: Error compounding capsule MESH-Project-Fund-Intelligence-20250830022228: 'triggers'
2025-08-30 02:22:28,241 [ERROR] MeshIntegration: Error compounding capsule MESH-Project-Fund-Multi-Domain-20250830022228: 'triggers'
2025-08-30 02:22:28,241 [ERROR] MeshIntegration: Error compounding capsule MESH-Strategic-Reserve-20250830022228: 'triggers'
2025-08-30 02:22:28,241 [INFO] MeshIntegration: Batch compounding completed for account fd4dbf29a36d90f5d724b50bad829ecfe70b7e86e6d135cd5ec72c9b9f1d169c: 7 capsules, total gain: 0.00 MeshCredit
2025-08-30 02:22:28,242 [INFO] MeshIntegration: Demo data created successfully
